<?xml version="1.0" encoding="UTF-8"?>
<!-- Generated by org.testng.reporters.JUnitXMLReporter -->
<testsuite hostname="CHARANS-PC" name="Default test" tests="6" failures="0" timestamp="23 Mar 2019 15:36:20 GMT" time="0.376" errors="0">
  <testcase name="polymorphicTestUsingCriteria" time="0.268" classname="org.learning.hibernate.queries.PolymorphicQueriesTest"/>
  <testcase name="polymorphicTestUsingCriteria2" time="0.014" classname="org.learning.hibernate.queries.PolymorphicQueriesTest"/>
  <testcase name="polymorphicTestUsingCriteria3" time="0.036" classname="org.learning.hibernate.queries.PolymorphicQueriesTest"/>
  <testcase name="polymorphicTestUsingQueries" time="0.025" classname="org.learning.hibernate.queries.PolymorphicQueriesTest"/>
  <testcase name="polymorphicTestUsingQueries2" time="0.006" classname="org.learning.hibernate.queries.PolymorphicQueriesTest"/>
  <testcase name="polymorphicTestUsingQueries3" time="0.006" classname="org.learning.hibernate.queries.PolymorphicQueriesTest"/>
</testsuite> <!-- Default test -->
