<?xml version="1.0" encoding="UTF-8"?>
<testng-results skipped="0" failed="0" total="2" passed="2">
  <reporter-output>
  </reporter-output>
  <suite name="Default suite" duration-ms="992" started-at="2019-03-21T16:34:33Z" finished-at="2019-03-21T16:34:34Z">
    <groups>
    </groups>
    <test name="Default test" duration-ms="992" started-at="2019-03-21T16:34:33Z" finished-at="2019-03-21T16:34:34Z">
      <class name="org.learning.hibenrate.tests.ConcurrencyTest">
        <test-method status="PASS" signature="setUp()[pri:0, instance:org.learning.hibenrate.tests.ConcurrencyTest@643b1d11]" name="setUp" is-config="true" duration-ms="5833" started-at="2019-03-21T22:04:27Z" finished-at="2019-03-21T22:04:33Z">
          <reporter-output>
          </reporter-output>
        </test-method> <!-- setUp -->
        <test-method status="PASS" signature="testVersioning()[pri:0, instance:org.learning.hibenrate.tests.ConcurrencyTest@643b1d11]" name="testVersioning" duration-ms="758" started-at="2019-03-21T22:04:33Z" finished-at="2019-03-21T22:04:34Z">
          <reporter-output>
          </reporter-output>
        </test-method> <!-- testVersioning -->
        <test-method status="PASS" signature="testManualVersionChecking()[pri:0, instance:org.learning.hibenrate.tests.ConcurrencyTest@643b1d11]" name="testManualVersionChecking" duration-ms="234" started-at="2019-03-21T22:04:34Z" finished-at="2019-03-21T22:04:34Z">
          <reporter-output>
          </reporter-output>
        </test-method> <!-- testManualVersionChecking -->
        <test-method status="PASS" signature="tearDown()[pri:0, instance:org.learning.hibenrate.tests.ConcurrencyTest@643b1d11]" name="tearDown" is-config="true" duration-ms="13" started-at="2019-03-21T22:04:34Z" finished-at="2019-03-21T22:04:34Z">
          <reporter-output>
          </reporter-output>
        </test-method> <!-- tearDown -->
      </class> <!-- org.learning.hibenrate.tests.ConcurrencyTest -->
    </test> <!-- Default test -->
  </suite> <!-- Default suite -->
</testng-results>
