<?xml version="1.0" encoding="UTF-8"?>
<testng-results skipped="0" failed="0" total="2" passed="2">
  <reporter-output>
  </reporter-output>
  <suite name="Default suite" duration-ms="451" started-at="2019-03-23T04:33:20Z" finished-at="2019-03-23T04:33:20Z">
    <groups>
    </groups>
    <test name="Default test" duration-ms="451" started-at="2019-03-23T04:33:20Z" finished-at="2019-03-23T04:33:20Z">
      <class name="org.learning.hibernate.tests.LazyLoadingTest">
        <test-method status="PASS" signature="setUp()[pri:0, instance:org.learning.hibernate.tests.LazyLoadingTest@643b1d11]" name="setUp" is-config="true" duration-ms="8306" started-at="2019-03-23T10:03:12Z" finished-at="2019-03-23T10:03:20Z">
          <reporter-output>
          </reporter-output>
        </test-method> <!-- setUp -->
        <test-method status="PASS" signature="testExtraLazyLoading()[pri:0, instance:org.learning.hibernate.tests.LazyLoadingTest@643b1d11]" name="testExtraLazyLoading" duration-ms="423" started-at="2019-03-23T10:03:20Z" finished-at="2019-03-23T10:03:20Z">
          <reporter-output>
          </reporter-output>
        </test-method> <!-- testExtraLazyLoading -->
        <test-method status="PASS" signature="testLazyLoading()[pri:0, instance:org.learning.hibernate.tests.LazyLoadingTest@643b1d11]" name="testLazyLoading" duration-ms="11" started-at="2019-03-23T10:03:20Z" finished-at="2019-03-23T10:03:20Z">
          <reporter-output>
          </reporter-output>
        </test-method> <!-- testLazyLoading -->
        <test-method status="PASS" signature="tearDown()[pri:0, instance:org.learning.hibernate.tests.LazyLoadingTest@643b1d11]" name="tearDown" is-config="true" duration-ms="5" started-at="2019-03-23T10:03:21Z" finished-at="2019-03-23T10:03:21Z">
          <reporter-output>
          </reporter-output>
        </test-method> <!-- tearDown -->
      </class> <!-- org.learning.hibernate.tests.LazyLoadingTest -->
    </test> <!-- Default test -->
  </suite> <!-- Default suite -->
</testng-results>
