<?xml version="1.0" encoding="UTF-8"?>
<testng-results skipped="0" failed="0" total="6" passed="6">
  <reporter-output>
  </reporter-output>
  <suite name="Default suite" duration-ms="376" started-at="2019-03-23T15:36:20Z" finished-at="2019-03-23T15:36:20Z">
    <groups>
    </groups>
    <test name="Default test" duration-ms="376" started-at="2019-03-23T15:36:20Z" finished-at="2019-03-23T15:36:20Z">
      <class name="org.learning.hibernate.queries.PolymorphicQueriesTest">
        <test-method status="PASS" signature="setUp()[pri:0, instance:org.learning.hibernate.queries.PolymorphicQueriesTest@735b5592]" name="setUp" is-config="true" duration-ms="9089" started-at="2019-03-23T21:06:10Z" finished-at="2019-03-23T21:06:20Z">
          <reporter-output>
          </reporter-output>
        </test-method> <!-- setUp -->
        <test-method status="PASS" signature="polymorphicTestUsingCriteria()[pri:0, instance:org.learning.hibernate.queries.PolymorphicQueriesTest@735b5592]" name="polymorphicTestUsingCriteria" duration-ms="268" started-at="2019-03-23T21:06:20Z" finished-at="2019-03-23T21:06:20Z">
          <reporter-output>
          </reporter-output>
        </test-method> <!-- polymorphicTestUsingCriteria -->
        <test-method status="PASS" signature="polymorphicTestUsingCriteria2()[pri:0, instance:org.learning.hibernate.queries.PolymorphicQueriesTest@735b5592]" name="polymorphicTestUsingCriteria2" duration-ms="14" started-at="2019-03-23T21:06:20Z" finished-at="2019-03-23T21:06:20Z">
          <reporter-output>
          </reporter-output>
        </test-method> <!-- polymorphicTestUsingCriteria2 -->
        <test-method status="PASS" signature="polymorphicTestUsingCriteria3()[pri:0, instance:org.learning.hibernate.queries.PolymorphicQueriesTest@735b5592]" name="polymorphicTestUsingCriteria3" duration-ms="36" started-at="2019-03-23T21:06:20Z" finished-at="2019-03-23T21:06:20Z">
          <reporter-output>
          </reporter-output>
        </test-method> <!-- polymorphicTestUsingCriteria3 -->
        <test-method status="PASS" signature="polymorphicTestUsingQueries()[pri:0, instance:org.learning.hibernate.queries.PolymorphicQueriesTest@735b5592]" name="polymorphicTestUsingQueries" duration-ms="25" started-at="2019-03-23T21:06:20Z" finished-at="2019-03-23T21:06:20Z">
          <reporter-output>
          </reporter-output>
        </test-method> <!-- polymorphicTestUsingQueries -->
        <test-method status="PASS" signature="polymorphicTestUsingQueries2()[pri:0, instance:org.learning.hibernate.queries.PolymorphicQueriesTest@735b5592]" name="polymorphicTestUsingQueries2" duration-ms="6" started-at="2019-03-23T21:06:20Z" finished-at="2019-03-23T21:06:20Z">
          <reporter-output>
          </reporter-output>
        </test-method> <!-- polymorphicTestUsingQueries2 -->
        <test-method status="PASS" signature="polymorphicTestUsingQueries3()[pri:0, instance:org.learning.hibernate.queries.PolymorphicQueriesTest@735b5592]" name="polymorphicTestUsingQueries3" duration-ms="6" started-at="2019-03-23T21:06:20Z" finished-at="2019-03-23T21:06:20Z">
          <reporter-output>
          </reporter-output>
        </test-method> <!-- polymorphicTestUsingQueries3 -->
        <test-method status="PASS" signature="tearDown()[pri:0, instance:org.learning.hibernate.queries.PolymorphicQueriesTest@735b5592]" name="tearDown" is-config="true" duration-ms="5" started-at="2019-03-23T21:06:20Z" finished-at="2019-03-23T21:06:20Z">
          <reporter-output>
          </reporter-output>
        </test-method> <!-- tearDown -->
      </class> <!-- org.learning.hibernate.queries.PolymorphicQueriesTest -->
    </test> <!-- Default test -->
  </suite> <!-- Default suite -->
</testng-results>
