<?xml version="1.0" encoding="UTF-8"?>
<testng-results skipped="0" failed="1" total="1" passed="0">
  <reporter-output>
  </reporter-output>
  <suite name="Default suite" duration-ms="155" started-at="2019-03-23T09:08:36Z" finished-at="2019-03-23T09:08:36Z">
    <groups>
    </groups>
    <test name="Default test" duration-ms="155" started-at="2019-03-23T09:08:36Z" finished-at="2019-03-23T09:08:36Z">
      <class name="org.learning.hibernate.interceptors.InterceptorTest">
        <test-method status="PASS" signature="setUp()[pri:0, instance:org.learning.hibernate.interceptors.InterceptorTest@643b1d11]" name="setUp" is-config="true" duration-ms="1740" started-at="2019-03-23T14:38:34Z" finished-at="2019-03-23T14:38:36Z">
          <reporter-output>
          </reporter-output>
        </test-method> <!-- setUp -->
        <test-method status="FAIL" signature="testInterceptor()[pri:0, instance:org.learning.hibernate.interceptors.InterceptorTest@643b1d11]" name="testInterceptor" duration-ms="130" started-at="2019-03-23T14:38:36Z" finished-at="2019-03-23T14:38:36Z">
          <exception class="java.lang.ClassCastException">
            <message>
              <![CDATA[org.hibernate.EmptyInterceptor cannot be cast to org.learning.hibernate.interceptors.AuditLogInterceptor]]>
            </message>
            <full-stacktrace>
              <![CDATA[java.lang.ClassCastException: org.hibernate.EmptyInterceptor cannot be cast to org.learning.hibernate.interceptors.AuditLogInterceptor
	at org.learning.hibernate.interceptors.InterceptorTest.testInterceptor(InterceptorTest.java:38)
	at sun.reflect.NativeMethodAccessorImpl.invoke0(Native Method)
	at sun.reflect.NativeMethodAccessorImpl.invoke(NativeMethodAccessorImpl.java:62)
	at sun.reflect.DelegatingMethodAccessorImpl.invoke(DelegatingMethodAccessorImpl.java:43)
	at java.lang.reflect.Method.invoke(Method.java:498)
	at org.testng.internal.MethodInvocationHelper.invokeMethod(MethodInvocationHelper.java:80)
	at org.testng.internal.Invoker.invokeMethod(Invoker.java:714)
	at org.testng.internal.Invoker.invokeTestMethod(Invoker.java:901)
	at org.testng.internal.Invoker.invokeTestMethods(Invoker.java:1231)
	at org.testng.internal.TestMethodWorker.invokeTestMethods(TestMethodWorker.java:127)
	at org.testng.internal.TestMethodWorker.run(TestMethodWorker.java:111)
	at org.testng.TestRunner.privateRun(TestRunner.java:767)
	at org.testng.TestRunner.run(TestRunner.java:617)
	at org.testng.SuiteRunner.runTest(SuiteRunner.java:334)
	at org.testng.SuiteRunner.runSequentially(SuiteRunner.java:329)
	at org.testng.SuiteRunner.privateRun(SuiteRunner.java:291)
	at org.testng.SuiteRunner.run(SuiteRunner.java:240)
	at org.testng.SuiteRunnerWorker.runSuite(SuiteRunnerWorker.java:52)
	at org.testng.SuiteRunnerWorker.run(SuiteRunnerWorker.java:86)
	at org.testng.TestNG.runSuitesSequentially(TestNG.java:1198)
	at org.testng.TestNG.runSuitesLocally(TestNG.java:1123)
	at org.testng.TestNG.run(TestNG.java:1031)
	at org.testng.remote.AbstractRemoteTestNG.run(AbstractRemoteTestNG.java:115)
	at org.testng.remote.RemoteTestNG.initAndRun(RemoteTestNG.java:251)
	at org.testng.remote.RemoteTestNG.main(RemoteTestNG.java:77)
]]>
            </full-stacktrace>
          </exception> <!-- java.lang.ClassCastException -->
          <reporter-output>
          </reporter-output>
        </test-method> <!-- testInterceptor -->
        <test-method status="PASS" signature="tearDown()[pri:0, instance:org.learning.hibernate.interceptors.InterceptorTest@643b1d11]" name="tearDown" is-config="true" duration-ms="6" started-at="2019-03-23T14:38:36Z" finished-at="2019-03-23T14:38:36Z">
          <reporter-output>
          </reporter-output>
        </test-method> <!-- tearDown -->
      </class> <!-- org.learning.hibernate.interceptors.InterceptorTest -->
    </test> <!-- Default test -->
  </suite> <!-- Default suite -->
</testng-results>
